# JRE version: Java(TM) SE Runtime Environment (8.0_202-b08) (build 1.8.0_202-b08)
# Java VM: Java HotSpot(TM) 64-Bit Server VM (25.202-b08 mixed mode windows-amd64 compressed oops)
Heap:
 PSYoungGen      total 576512K, used 63121K [0x00000000d6600000, 0x0000000100000000, 0x0000000100000000)
  eden space 552960K, 11% used [0x00000000d6600000,0x00000000da3288b0,0x00000000f8200000)
  from space 23552K, 2% used [0x00000000f8200000,0x00000000f827bed8,0x00000000f9900000)
  to   space 23040K, 0% used [0x00000000fe980000,0x00000000fe980000,0x0000000100000000)
 ParOldGen       total 99840K, used 47864K [0x0000000083200000, 0x0000000089380000, 0x00000000d6600000)
  object space 99840K, 47% used [0x0000000083200000,0x00000000860be210,0x0000000089380000)
 Metaspace       used 68752K, capacity 73940K, committed 74072K, reserved 1114112K
  class space    used 8912K, capacity 9752K, committed 9816K, reserved 1048576K
GC Heap History (10 events):
Event: 691.046 GC heap before
{Heap before GC invocations=14 (full 3):
 PSYoungGen      total 364032K, used 347324K [0x00000000d6600000, 0x00000000ee600000, 0x0000000100000000)
  eden space 349184K, 99% used [0x00000000d6600000,0x00000000eb92f1a0,0x00000000ebb00000)
  from space 14848K, 0% used [0x00000000ed780000,0x00000000ed780000,0x00000000ee600000)
  to   space 20992K, 0% used [0x00000000ebd00000,0x00000000ebd00000,0x00000000ed180000)
 ParOldGen       total 99840K, used 37322K [0x0000000083200000, 0x0000000089380000, 0x00000000d6600000)
  object space 99840K, 37% used [0x0000000083200000,0x0000000085672aa8,0x0000000089380000)
 Metaspace       used 66235K, capacity 71296K, committed 71512K, reserved 1112064K
  class space    used 8885K, capacity 9712K, committed 9816K, reserved 1048576K
Event: 691.164 GC heap after
Heap after GC invocations=14 (full 3):
 PSYoungGen      total 372224K, used 18120K [0x00000000d6600000, 0x00000000f5b80000, 0x0000000100000000)
  eden space 351232K, 0% used [0x00000000d6600000,0x00000000d6600000,0x00000000ebd00000)
  from space 20992K, 86% used [0x00000000ebd00000,0x00000000eceb21c8,0x00000000ed180000)
  to   space 23040K, 0% used [0x00000000f4500000,0x00000000f4500000,0x00000000f5b80000)
 ParOldGen       total 99840K, used 37330K [0x0000000083200000, 0x0000000089380000, 0x00000000d6600000)
  object space 99840K, 37% used [0x0000000083200000,0x0000000085674aa8,0x0000000089380000)
 Metaspace       used 66235K, capacity 71296K, committed 71512K, reserved 1112064K
  class space    used 8885K, capacity 9712K, committed 9816K, reserved 1048576K
}
Event: 2006.980 GC heap before
{Heap before GC invocations=15 (full 3):
 PSYoungGen      total 372224K, used 369352K [0x00000000d6600000, 0x00000000f5b80000, 0x0000000100000000)
  eden space 351232K, 100% used [0x00000000d6600000,0x00000000ebd00000,0x00000000ebd00000)
  from space 20992K, 86% used [0x00000000ebd00000,0x00000000eceb21c8,0x00000000ed180000)
  to   space 23040K, 0% used [0x00000000f4500000,0x00000000f4500000,0x00000000f5b80000)
 ParOldGen       total 99840K, used 37330K [0x0000000083200000, 0x0000000089380000, 0x00000000d6600000)
  object space 99840K, 37% used [0x0000000083200000,0x0000000085674aa8,0x0000000089380000)
 Metaspace       used 67004K, capacity 72242K, committed 72536K, reserved 1112064K
  class space    used 8907K, capacity 9751K, committed 9816K, reserved 1048576K
Event: 2007.038 GC heap after
Heap after GC invocations=15 (full 3):
 PSYoungGen      total 465920K, used 1975K [0x00000000d6600000, 0x00000000f5000000, 0x0000000100000000)
  eden space 454656K, 0% used [0x00000000d6600000,0x00000000d6600000,0x00000000f2200000)
  from space 11264K, 17% used [0x00000000f4500000,0x00000000f46eddf8,0x00000000f5000000)
  to   space 23552K, 0% used [0x00000000f2200000,0x00000000f2200000,0x00000000f3900000)
 ParOldGen       total 99840K, used 46294K [0x0000000083200000, 0x0000000089380000, 0x00000000d6600000)
  object space 99840K, 46% used [0x0000000083200000,0x0000000085f35a90,0x0000000089380000)
 Metaspace       used 67004K, capacity 72242K, committed 72536K, reserved 1112064K
  class space    used 8907K, capacity 9751K, committed 9816K, reserved 1048576K
}
Event: 2012.712 GC heap before
{Heap before GC invocations=16 (full 3):
 PSYoungGen      total 465920K, used 456541K [0x00000000d6600000, 0x00000000f5000000, 0x0000000100000000)
  eden space 454656K, 99% used [0x00000000d6600000,0x00000000f21e99b0,0x00000000f2200000)
  from space 11264K, 17% used [0x00000000f4500000,0x00000000f46eddf8,0x00000000f5000000)
  to   space 23552K, 0% used [0x00000000f2200000,0x00000000f2200000,0x00000000f3900000)
 ParOldGen       total 99840K, used 46294K [0x0000000083200000, 0x0000000089380000, 0x00000000d6600000)
  object space 99840K, 46% used [0x0000000083200000,0x0000000085f35a90,0x0000000089380000)
 Metaspace       used 68665K, capacity 73810K, committed 74072K, reserved 1114112K
  class space    used 8908K, capacity 9751K, committed 9816K, reserved 1048576K
Event: 2012.717 GC heap after
Heap after GC invocations=16 (full 3):
 PSYoungGen      total 478208K, used 527K [0x00000000d6600000, 0x00000000fc080000, 0x0000000100000000)
  eden space 454656K, 0% used [0x00000000d6600000,0x00000000d6600000,0x00000000f2200000)
  from space 23552K, 2% used [0x00000000f2200000,0x00000000f2283ed8,0x00000000f3900000)
  to   space 23552K, 0% used [0x00000000fa980000,0x00000000fa980000,0x00000000fc080000)
 ParOldGen       total 99840K, used 47848K [0x0000000083200000, 0x0000000089380000, 0x00000000d6600000)
  object space 99840K, 47% used [0x0000000083200000,0x00000000860ba210,0x0000000089380000)
 Metaspace       used 68665K, capacity 73810K, committed 74072K, reserved 1114112K
  class space    used 8908K, capacity 9751K, committed 9816K, reserved 1048576K
}
Event: 2019.504 GC heap before
{Heap before GC invocations=17 (full 3):
 PSYoungGen      total 478208K, used 455183K [0x00000000d6600000, 0x00000000fc080000, 0x0000000100000000)
  eden space 454656K, 100% used [0x00000000d6600000,0x00000000f2200000,0x00000000f2200000)
  from space 23552K, 2% used [0x00000000f2200000,0x00000000f2283ed8,0x00000000f3900000)
  to   space 23552K, 0% used [0x00000000fa980000,0x00000000fa980000,0x00000000fc080000)
 ParOldGen       total 99840K, used 47848K [0x0000000083200000, 0x0000000089380000, 0x00000000d6600000)
  object space 99840K, 47% used [0x0000000083200000,0x00000000860ba210,0x0000000089380000)
 Metaspace       used 68725K, capacity 73938K, committed 74072K, reserved 1114112K
  class space    used 8909K, capacity 9751K, committed 9816K, reserved 1048576K
Event: 2019.512 GC heap after
Heap after GC invocations=17 (full 3):
 PSYoungGen      total 559616K, used 526K [0x00000000d6600000, 0x00000000fb000000, 0x0000000100000000)
  eden space 552960K, 0% used [0x00000000d6600000,0x00000000d6600000,0x00000000f8200000)
  from space 6656K, 7% used [0x00000000fa980000,0x00000000faa039f8,0x00000000fb000000)
  to   space 23552K, 0% used [0x00000000f8200000,0x00000000f8200000,0x00000000f9900000)
 ParOldGen       total 99840K, used 47856K [0x0000000083200000, 0x0000000089380000, 0x00000000d6600000)
  object space 99840K, 47% used [0x0000000083200000,0x00000000860bc210,0x0000000089380000)
 Metaspace       used 68725K, capacity 73938K, committed 74072K, reserved 1114112K
  class space    used 8909K, capacity 9751K, committed 9816K, reserved 1048576K
}
Event: 2024.895 GC heap before
{Heap before GC invocations=18 (full 3):
 PSYoungGen      total 559616K, used 553486K [0x00000000d6600000, 0x00000000fb000000, 0x0000000100000000)
  eden space 552960K, 100% used [0x00000000d6600000,0x00000000f8200000,0x00000000f8200000)
  from space 6656K, 7% used [0x00000000fa980000,0x00000000faa039f8,0x00000000fb000000)
  to   space 23552K, 0% used [0x00000000f8200000,0x00000000f8200000,0x00000000f9900000)
 ParOldGen       total 99840K, used 47856K [0x0000000083200000, 0x0000000089380000, 0x00000000d6600000)
  object space 99840K, 47% used [0x0000000083200000,0x00000000860bc210,0x0000000089380000)
 Metaspace       used 68725K, capacity 73938K, committed 74072K, reserved 1114112K
  class space    used 8909K, capacity 9751K, committed 9816K, reserved 1048576K
Event: 2024.927 GC heap after
Heap after GC invocations=18 (full 3):
 PSYoungGen      total 576512K, used 495K [0x00000000d6600000, 0x0000000100000000, 0x0000000100000000)
  eden space 552960K, 0% used [0x00000000d6600000,0x00000000d6600000,0x00000000f8200000)
  from space 23552K, 2% used [0x00000000f8200000,0x00000000f827bed8,0x00000000f9900000)
  to   space 23040K, 0% used [0x00000000fe980000,0x00000000fe980000,0x0000000100000000)
 ParOldGen       total 99840K, used 47864K [0x0000000083200000, 0x0000000089380000, 0x00000000d6600000)
  object space 99840K, 47% used [0x0000000083200000,0x00000000860be210,0x0000000089380000)
 Metaspace       used 68725K, capacity 73938K, committed 74072K, reserved 1114112K
  class space    used 8909K, capacity 9751K, committed 9816K, reserved 1048576K
}

